Using pre-set license
Built from '2020.3/staging' branch; Version is '2020.3.5f1 (8095aa901b9b) revision 8426922'; Using compiler version '192528614'; Build Type 'Release'
OS: 'Windows 10 Pro; OS build 18363.1379; Version 1909; 64bit' Language: 'en' Physical Memory: 7098 MB
BatchMode: 1, IsHumanControllingUs: 0, StartBugReporterOnCrash: 0, Is64bit: 1, IsPro: 0

 COMMAND LINE ARGUMENTS:
C:\Program Files\Unity\Hub\Editor\2020.3.5f1\Editor\Unity.exe
-adb2
-batchMode
-noUpm
-name
AssetImportWorker0
-projectPath
C:/Users/SP/3D Objects/study app
-logFile
Logs/AssetImportWorker0.log
-srvPort
50020
Successfully changed project path to: C:/Users/SP/3D Objects/study app
C:/Users/SP/3D Objects/study app
Using Asset Import Pipeline V2.
Refreshing native plugins compatible for Editor in 63.17 ms, found 1 plugins.
Preloading 0 native plugins for Editor in 0.00 ms.
Initialize engine version: 2020.3.5f1 (8095aa901b9b)
[Subsystems] Discovering subsystems at path C:/Program Files/Unity/Hub/Editor/2020.3.5f1/Editor/Data/Resources/UnitySubsystems
[Subsystems] Discovering subsystems at path C:/Users/SP/3D Objects/study app/Assets
GfxDevice: creating device client; threaded=0
Direct3D:
    Version:  Direct3D 11.0 [level 11.1]
    Renderer: AMD Radeon(TM) Vega 8 Graphics (ID=0x15dd)
    Vendor:   
    VRAM:     3549 MB
    Driver:   27.20.1034.6
Initialize mono
Mono path[0] = 'C:/Program Files/Unity/Hub/Editor/2020.3.5f1/Editor/Data/Managed'
Mono path[1] = 'C:/Program Files/Unity/Hub/Editor/2020.3.5f1/Editor/Data/MonoBleedingEdge/lib/mono/unityjit'
Mono config path = 'C:/Program Files/Unity/Hub/Editor/2020.3.5f1/Editor/Data/MonoBleedingEdge/etc'
Using monoOptions --debugger-agent=transport=dt_socket,embedding=1,server=y,suspend=n,address=127.0.0.1:56232
Begin MonoManager ReloadAssembly
Registering precompiled unity dll's ...
Register platform support module: C:/Program Files/Unity/Hub/Editor/2020.3.5f1/Editor/Data/PlaybackEngines/WebGLSupport/UnityEditor.WebGL.Extensions.dll
Register platform support module: C:/Program Files/Unity/Hub/Editor/2020.3.5f1/Editor/Data/PlaybackEngines/WindowsStandaloneSupport/UnityEditor.WindowsStandalone.Extensions.dll
Registered in 0.009177 seconds.
Native extension for WindowsStandalone target not found
Native extension for WebGL target not found
Refreshing native plugins compatible for Editor in 49.20 ms, found 1 plugins.
Preloading 0 native plugins for Editor in 0.00 ms.
Mono: successfully reloaded assembly
- Completed reload, in  7.565 seconds
Platform modules already initialized, skipping
Registering precompiled user dll's ...
Registered in 0.004835 seconds.
Begin MonoManager ReloadAssembly
Native extension for WindowsStandalone target not found
Native extension for WebGL target not found
Refreshing native plugins compatible for Editor in 48.99 ms, found 1 plugins.
Preloading 0 native plugins for Editor in 0.00 ms.
Mono: successfully reloaded assembly
- Completed reload, in  1.434 seconds
Platform modules already initialized, skipping
========================================================================
Worker process is ready to serve import requests
Launched and connected shader compiler UnityShaderCompiler.exe after 0.08 seconds
Refreshing native plugins compatible for Editor in 0.51 ms, found 1 plugins.
Preloading 0 native plugins for Editor in 0.00 ms.
Unloading 1916 Unused Serialized files (Serialized files now loaded: 0)
System memory in use before: 88.1 MB.
System memory in use after: 88.1 MB.

Unloading 32 unused Assets to reduce memory usage. Loaded Objects now: 2351.
Total: 2.673600 ms (FindLiveObjects: 0.264100 ms CreateObjectMapping: 0.077900 ms MarkObjects: 2.243600 ms  DeleteObjects: 0.086600 ms)

========================================================================
Received Import Request.
  path: Assets/Scenes/Scene Start.unity
  artifactKey: Guid(2cda990e2423bbf4892e6590ba056729) Importer(815301076,1909f56bfc062723c751e8b465ee728b)
Start importing Assets/Scenes/Scene Start.unity using Guid(2cda990e2423bbf4892e6590ba056729) Importer(815301076,1909f56bfc062723c751e8b465ee728b)  -> (artifact id: '51a3f3397f30a5f92162d50c79f0a000') in 0.027491 seconds
  Import took 0.032457 seconds .

========================================================================
Received Prepare
Refreshing native plugins compatible for Editor in 8.89 ms, found 1 plugins.
Preloading 0 native plugins for Editor in 0.00 ms.
Unloading 18 Unused Serialized files (Serialized files now loaded: 0)
System memory in use before: 50.0 MB.
System memory in use after: 50.1 MB.

Unloading 18 unused Assets to reduce memory usage. Loaded Objects now: 2351.
Total: 3.312600 ms (FindLiveObjects: 0.255600 ms CreateObjectMapping: 0.054000 ms MarkObjects: 2.977100 ms  DeleteObjects: 0.023900 ms)

========================================================================
Received Import Request.
  Time since last request: 904.297673 seconds.
  path: Assets/Scenes/Start.unity
  artifactKey: Guid(2290a9545e56c8e4086fc1275a7be4b8) Importer(815301076,1909f56bfc062723c751e8b465ee728b)
Start importing Assets/Scenes/Start.unity using Guid(2290a9545e56c8e4086fc1275a7be4b8) Importer(815301076,1909f56bfc062723c751e8b465ee728b)  -> (artifact id: 'eb663013e0b15b2d14d88e541343808d') in 0.018442 seconds
  Import took 0.030543 seconds .

========================================================================
Received Import Request.
  Time since last request: 526.479244 seconds.
  path: Assets/Scenes/1.unity
  artifactKey: Guid(58b40370111d2604b82fb5a4877a2a72) Importer(815301076,1909f56bfc062723c751e8b465ee728b)
Start importing Assets/Scenes/1.unity using Guid(58b40370111d2604b82fb5a4877a2a72) Importer(815301076,1909f56bfc062723c751e8b465ee728b)  -> (artifact id: '4765f596cace362c46ed0b7772170910') in 0.017709 seconds
  Import took 0.026161 seconds .

========================================================================
Received Import Request.
  Time since last request: 992.001042 seconds.
  path: Assets/Scenes/Scene Start.unity
  artifactKey: Guid(2cda990e2423bbf4892e6590ba056729) Importer(815301076,1909f56bfc062723c751e8b465ee728b)
Start importing Assets/Scenes/Scene Start.unity using Guid(2cda990e2423bbf4892e6590ba056729) Importer(815301076,1909f56bfc062723c751e8b465ee728b)  -> (artifact id: 'f79df8e73b8226ff5f7f25d8c43a377a') in 0.009370 seconds
  Import took 0.018446 seconds .

========================================================================
Received Import Request.
  Time since last request: 0.000946 seconds.
  path: Assets/Scenes/Scene Start.unity
  artifactKey: Guid(2cda990e2423bbf4892e6590ba056729) Importer(815301076,1909f56bfc062723c751e8b465ee728b)
Start importing Assets/Scenes/Scene Start.unity using Guid(2cda990e2423bbf4892e6590ba056729) Importer(815301076,1909f56bfc062723c751e8b465ee728b)  -> (artifact id: 'f79df8e73b8226ff5f7f25d8c43a377a') in 0.003802 seconds
  Import took 0.008736 seconds .

========================================================================
Received Import Request.
  Time since last request: 1442.356270 seconds.
  path: Assets/Scenes/Scene Start.unity
  artifactKey: Guid(2cda990e2423bbf4892e6590ba056729) Importer(815301076,1909f56bfc062723c751e8b465ee728b)
Start importing Assets/Scenes/Scene Start.unity using Guid(2cda990e2423bbf4892e6590ba056729) Importer(815301076,1909f56bfc062723c751e8b465ee728b)  -> (artifact id: '1e472e374e68b7ea414ba8255a95257b') in 0.004788 seconds
  Import took 0.013167 seconds .

========================================================================
Received Prepare
Registering precompiled user dll's ...
Registered in 0.001465 seconds.
Begin MonoManager ReloadAssembly
Native extension for WindowsStandalone target not found
Native extension for WebGL target not found
Refreshing native plugins compatible for Editor in 0.56 ms, found 1 plugins.
Preloading 0 native plugins for Editor in 0.00 ms.
Mono: successfully reloaded assembly
- Completed reload, in  1.377 seconds
Platform modules already initialized, skipping
Switching build target platform(5) subTarget(0) extendedPlatform(0) -> platform(13) subTarget(537395200) extendedPlatform(0)
Refreshing native plugins compatible for Editor in 0.53 ms, found 1 plugins.
Preloading 0 native plugins for Editor in 0.00 ms.
Unloading 1909 Unused Serialized files (Serialized files now loaded: 0)
System memory in use before: 87.6 MB.
System memory in use after: 87.7 MB.

Unloading 20 unused Assets to reduce memory usage. Loaded Objects now: 2355.
Total: 3.046400 ms (FindLiveObjects: 0.333100 ms CreateObjectMapping: 0.104600 ms MarkObjects: 2.579800 ms  DeleteObjects: 0.026700 ms)

AssetImportParameters requested are different than current active one (requested -> active):
  custom:graphics/normal-map-encoding: 01000000000000000000000000000000 -> 02000000000000000000000000000000
========================================================================
Received Import Request.
  Time since last request: 4052.714200 seconds.
  path: Assets/Scenes/Scene Start.unity
  artifactKey: Guid(2cda990e2423bbf4892e6590ba056729) Importer(815301076,1909f56bfc062723c751e8b465ee728b)
Start importing Assets/Scenes/Scene Start.unity using Guid(2cda990e2423bbf4892e6590ba056729) Importer(815301076,1909f56bfc062723c751e8b465ee728b)  -> (artifact id: 'bebd03b2e355fb749e95d249f94d3d23') in 0.031964 seconds
  Import took 0.038394 seconds .

========================================================================
Received Import Request.
  Time since last request: 24.371164 seconds.
  path: Assets/Scenes/1.unity
  artifactKey: Guid(58b40370111d2604b82fb5a4877a2a72) Importer(815301076,1909f56bfc062723c751e8b465ee728b)
Start importing Assets/Scenes/1.unity using Guid(58b40370111d2604b82fb5a4877a2a72) Importer(815301076,1909f56bfc062723c751e8b465ee728b)  -> (artifact id: '0b90994e12d59f0a01e8c0096e9a8c6b') in 0.009581 seconds
  Import took 0.018179 seconds .

========================================================================
Received Import Request.
  Time since last request: 334.884044 seconds.
  path: Assets/Scenes/Load.unity
  artifactKey: Guid(37ff246fac6256e43a8f340f81266311) Importer(815301076,1909f56bfc062723c751e8b465ee728b)
Start importing Assets/Scenes/Load.unity using Guid(37ff246fac6256e43a8f340f81266311) Importer(815301076,1909f56bfc062723c751e8b465ee728b)  -> (artifact id: '2d6a532e796e94da3fe6da3d4e22d1ed') in 0.015310 seconds
  Import took 0.021418 seconds .

========================================================================
Received Import Request.
  Time since last request: 189.441263 seconds.
  path: Assets/Scenes/1.unity
  artifactKey: Guid(58b40370111d2604b82fb5a4877a2a72) Importer(815301076,1909f56bfc062723c751e8b465ee728b)
Start importing Assets/Scenes/1.unity using Guid(58b40370111d2604b82fb5a4877a2a72) Importer(815301076,1909f56bfc062723c751e8b465ee728b)  -> (artifact id: '3d75d2beb93bcc9a26021e406906fa8e') in 0.013023 seconds
  Import took 0.020031 seconds .

========================================================================
Received Import Request.
  Time since last request: 18.347089 seconds.
  path: Assets/Scenes/Load.unity
  artifactKey: Guid(37ff246fac6256e43a8f340f81266311) Importer(815301076,1909f56bfc062723c751e8b465ee728b)
Start importing Assets/Scenes/Load.unity using Guid(37ff246fac6256e43a8f340f81266311) Importer(815301076,1909f56bfc062723c751e8b465ee728b)  -> (artifact id: '4a6759d0941b11974d7d0b2a77db3cd1') in 0.009836 seconds
  Import took 0.015958 seconds .

========================================================================
Received Import Request.
  Time since last request: 3.106324 seconds.
  path: Assets/Scenes/Scene Start.unity
  artifactKey: Guid(2cda990e2423bbf4892e6590ba056729) Importer(815301076,1909f56bfc062723c751e8b465ee728b)
Start importing Assets/Scenes/Scene Start.unity using Guid(2cda990e2423bbf4892e6590ba056729) Importer(815301076,1909f56bfc062723c751e8b465ee728b)  -> (artifact id: '91828c5120f2bd7e11e10c15fb5e351d') in 0.008357 seconds
  Import took 0.014894 seconds .

========================================================================
Received Prepare
Refreshing native plugins compatible for Editor in 8.27 ms, found 1 plugins.
Preloading 0 native plugins for Editor in 0.00 ms.
Unloading 18 Unused Serialized files (Serialized files now loaded: 0)
System memory in use before: 50.3 MB.
System memory in use after: 50.4 MB.

Unloading 18 unused Assets to reduce memory usage. Loaded Objects now: 2355.
Total: 4.009500 ms (FindLiveObjects: 0.414200 ms CreateObjectMapping: 0.127600 ms MarkObjects: 3.441400 ms  DeleteObjects: 0.024100 ms)

AssetImportWorkerClient::OnTransportError - code=2 error=End of file
